Determining if the pthread_create exist failed with the following output:
Change Dir: /home/piet/Projects/modern-cpp-course/homework_2/igg_image/build/CMakeFiles/CMakeTmp

Run Build Command:"/usr/bin/make" "cmTC_bd196/fast"
/usr/bin/make -f CMakeFiles/cmTC_bd196.dir/build.make CMakeFiles/cmTC_bd196.dir/build
make[1]: Entering directory '/home/piet/Projects/modern-cpp-course/homework_2/igg_image/build/CMakeFiles/CMakeTmp'
Building C object CMakeFiles/cmTC_bd196.dir/CheckSymbolExists.c.o
/usr/bin/cc    -o CMakeFiles/cmTC_bd196.dir/CheckSymbolExists.c.o   -c /home/piet/Projects/modern-cpp-course/homework_2/igg_image/build/CMakeFiles/CMakeTmp/CheckSymbolExists.c
Linking C executable cmTC_bd196
/usr/bin/cmake -E cmake_link_script CMakeFiles/cmTC_bd196.dir/link.txt --verbose=1
/usr/bin/cc      -rdynamic CMakeFiles/cmTC_bd196.dir/CheckSymbolExists.c.o  -o cmTC_bd196 
CMakeFiles/cmTC_bd196.dir/CheckSymbolExists.c.o: In function `main':
CheckSymbolExists.c:(.text+0x1b): undefined reference to `pthread_create'
collect2: error: ld returned 1 exit status
CMakeFiles/cmTC_bd196.dir/build.make:97: recipe for target 'cmTC_bd196' failed
make[1]: *** [cmTC_bd196] Error 1
make[1]: Leaving directory '/home/piet/Projects/modern-cpp-course/homework_2/igg_image/build/CMakeFiles/CMakeTmp'
Makefile:126: recipe for target 'cmTC_bd196/fast' failed
make: *** [cmTC_bd196/fast] Error 2

File /home/piet/Projects/modern-cpp-course/homework_2/igg_image/build/CMakeFiles/CMakeTmp/CheckSymbolExists.c:
/* */
#include <pthread.h>

int main(int argc, char** argv)
{
  (void)argv;
#ifndef pthread_create
  return ((int*)(&pthread_create))[argc];
#else
  (void)argc;
  return 0;
#endif
}

Determining if the function pthread_create exists in the pthreads failed with the following output:
Change Dir: /home/piet/Projects/modern-cpp-course/homework_2/igg_image/build/CMakeFiles/CMakeTmp

Run Build Command:"/usr/bin/make" "cmTC_8c5e4/fast"
/usr/bin/make -f CMakeFiles/cmTC_8c5e4.dir/build.make CMakeFiles/cmTC_8c5e4.dir/build
make[1]: Entering directory '/home/piet/Projects/modern-cpp-course/homework_2/igg_image/build/CMakeFiles/CMakeTmp'
Building C object CMakeFiles/cmTC_8c5e4.dir/CheckFunctionExists.c.o
/usr/bin/cc   -DCHECK_FUNCTION_EXISTS=pthread_create   -o CMakeFiles/cmTC_8c5e4.dir/CheckFunctionExists.c.o   -c /usr/share/cmake-3.10/Modules/CheckFunctionExists.c
Linking C executable cmTC_8c5e4
/usr/bin/cmake -E cmake_link_script CMakeFiles/cmTC_8c5e4.dir/link.txt --verbose=1
/usr/bin/cc  -DCHECK_FUNCTION_EXISTS=pthread_create    -rdynamic CMakeFiles/cmTC_8c5e4.dir/CheckFunctionExists.c.o  -o cmTC_8c5e4 -lpthreads 
/usr/bin/ld: cannot find -lpthreads
collect2: error: ld returned 1 exit status
CMakeFiles/cmTC_8c5e4.dir/build.make:97: recipe for target 'cmTC_8c5e4' failed
make[1]: *** [cmTC_8c5e4] Error 1
make[1]: Leaving directory '/home/piet/Projects/modern-cpp-course/homework_2/igg_image/build/CMakeFiles/CMakeTmp'
Makefile:126: recipe for target 'cmTC_8c5e4/fast' failed
make: *** [cmTC_8c5e4/fast] Error 2


